\BOOKMARK [1][-]{section*.1}{\376\377\000A\000b\000s\000t\000r\000a\000c\000t}{}% 1
\BOOKMARK [1][-]{section.1}{\376\377\0001\000\040\000I\000n\000t\000r\000o\000d\000u\000c\000t\000i\000o\000n}{}% 2
\BOOKMARK [1][-]{section.2}{\376\377\0002\000\040\000S\000u\000r\000v\000e\000y\000\040\000o\000f\000\040\000R\000e\000l\000a\000t\000e\000d\000\040\000W\000o\000r\000k}{}% 3
\BOOKMARK [2][-]{subsection.2.1}{\376\377\0002\000.\0001\000\040\000C\000o\000m\000m\000o\000n\000\040\000A\000p\000p\000r\000o\000a\000c\000h\000e\000s\000\040\000f\000o\000r\000\040\000G\000e\000n\000e\000r\000a\000t\000i\000n\000g\000\040\000O\000T\000P}{section.2}% 4
\BOOKMARK [2][-]{subsection.2.2}{\376\377\0002\000.\0002\000\040\000V\000a\000r\000i\000a\000n\000t\000s\000\040\000o\000f\000\040\000O\000T\000P\000\040\000H\000a\000r\000d\000w\000a\000r\000e\000\040\000T\000o\000k\000e\000n\000s}{section.2}% 5
\BOOKMARK [1][-]{section.3}{\376\377\0003\000\040\000N\000o\000t\000a\000t\000i\000o\000n\000s\000\040\000a\000n\000d\000\040\000P\000r\000e\000l\000i\000m\000i\000n\000a\000r\000i\000e\000s}{}% 6
\BOOKMARK [2][-]{subsection.3.1}{\376\377\0003\000.\0001\000\040\000N\000o\000t\000a\000t\000i\000o\000n\000s\000\040\000a\000n\000d\000\040\000A\000s\000s\000u\000m\000p\000t\000i\000o\000n\000s}{section.3}% 7
\BOOKMARK [2][-]{subsection.3.2}{\376\377\0003\000.\0002\000\040\000P\000s\000e\000u\000d\000o\000r\000a\000n\000d\000o\000m\000\040\000F\000u\000n\000c\000t\000i\000o\000n}{section.3}% 8
\BOOKMARK [2][-]{subsection.3.3}{\376\377\0003\000.\0003\000\040\000F\000o\000r\000w\000a\000r\000d\000-\000S\000e\000c\000u\000r\000e\000\040\000P\000s\000e\000u\000d\000o\000r\000a\000n\000d\000o\000m\000\040\000B\000i\000t\000\040\000G\000e\000n\000e\000r\000a\000t\000o\000r}{section.3}% 9
\BOOKMARK [2][-]{subsection.3.4}{\376\377\0003\000.\0004\000\040\000A\000u\000t\000h\000e\000n\000t\000i\000c\000a\000t\000e\000d\000\040\000E\000n\000c\000r\000y\000p\000t\000i\000o\000n\000\040\000\050\000A\000E\000\051}{section.3}% 10
\BOOKMARK [1][-]{section.4}{\376\377\0004\000\040\000T\000h\000r\000e\000a\000t\000\040\000M\000o\000d\000e\000l\000\040\000a\000n\000d\000\040\000S\000y\000s\000t\000e\000m\000\040\000D\000e\000s\000i\000g\000n}{}% 11
\BOOKMARK [1][-]{section.5}{\376\377\0005\000\040\000T\000h\000e\000\040\000P\000r\000o\000t\000o\000c\000o\000l}{}% 12
\BOOKMARK [2][-]{subsection.5.1}{\376\377\0005\000.\0001\000\040\000S\000e\000t\000u\000p\000\040\000P\000h\000a\000s\000e}{section.5}% 13
\BOOKMARK [2][-]{subsection.5.2}{\376\377\0005\000.\0002\000\040\000E\000n\000r\000o\000l\000m\000e\000n\000t\000\040\000P\000h\000a\000s\000e}{section.5}% 14
\BOOKMARK [2][-]{subsection.5.3}{\376\377\0005\000.\0003\000\040\000A\000u\000t\000h\000e\000n\000t\000i\000c\000a\000t\000i\000o\000n\000\040\000P\000h\000a\000s\000e}{section.5}% 15
\BOOKMARK [2][-]{subsection.5.4}{\376\377\0005\000.\0004\000\040\000A\000n\000\040\000E\000x\000t\000e\000n\000s\000i\000o\000n}{section.5}% 16
\BOOKMARK [1][-]{section.6}{\376\377\0006\000\040\000I\000n\000f\000o\000r\000m\000a\000l\000\040\000S\000e\000c\000u\000r\000i\000t\000y\000\040\000A\000n\000a\000l\000y\000s\000i\000s}{}% 17
\BOOKMARK [2][-]{subsection.6.1}{\376\377\0006\000.\0001\000\040\000T\000h\000r\000e\000a\000t\000s\000\040\000a\000n\000d\000\040\000P\000r\000o\000t\000e\000c\000t\000i\000o\000n\000\040\000O\000b\000j\000e\000c\000t\000i\000v\000e\000s}{section.6}% 18
\BOOKMARK [2][-]{subsection.6.2}{\376\377\0006\000.\0002\000\040\000S\000c\000e\000n\000a\000r\000i\000o\000s}{section.6}% 19
\BOOKMARK [2][-]{subsection.6.3}{\376\377\0006\000.\0003\000\040\000E\000x\000c\000l\000u\000d\000e\000d\000\040\000S\000c\000e\000n\000a\000r\000i\000o\000s}{section.6}% 20
\BOOKMARK [1][-]{section.7}{\376\377\0007\000\040\000S\000y\000n\000c\000h\000r\000o\000n\000i\000s\000a\000t\000i\000o\000n}{}% 21
\BOOKMARK [1][-]{section.8}{\376\377\0008\000\040\000S\000y\000s\000t\000e\000m\000\040\000F\000e\000a\000s\000i\000b\000i\000l\000i\000t\000y}{}% 22
\BOOKMARK [1][-]{section.9}{\376\377\0009\000\040\000E\000v\000a\000l\000u\000a\000t\000i\000o\000n}{}% 23
\BOOKMARK [2][-]{subsection.9.1}{\376\377\0009\000.\0001\000\040\000C\000o\000m\000p\000u\000t\000a\000t\000i\000o\000n\000\040\000C\000o\000s\000t}{section.9}% 24
\BOOKMARK [2][-]{subsection.9.2}{\376\377\0009\000.\0002\000\040\000C\000o\000m\000m\000u\000n\000i\000c\000a\000t\000i\000o\000n\000\040\000C\000o\000s\000t}{section.9}% 25
\BOOKMARK [2][-]{subsection.9.3}{\376\377\0009\000.\0003\000\040\000O\000t\000h\000e\000r\000\040\000F\000e\000a\000t\000u\000r\000e\000s}{section.9}% 26
\BOOKMARK [1][-]{section.10}{\376\377\0001\0000\000\040\000C\000o\000n\000c\000l\000u\000s\000i\000o\000n\000\040\000a\000n\000d\000\040\000F\000u\000t\000u\000r\000e\000\040\000W\000o\000r\000k}{}% 27
\BOOKMARK [1][-]{section*.13}{\376\377\000R\000e\000f\000e\000r\000e\000n\000c\000e\000s}{}% 28
\BOOKMARK [1][-]{appendix.1.A}{\376\377\000A\000\040\000F\000o\000r\000w\000a\000r\000d\000-\000S\000e\000c\000u\000r\000e\000\040\000P\000s\000e\000u\000d\000o\000r\000a\000n\000d\000o\000m\000\040\000B\000i\000t\000\040\000G\000e\000n\000e\000r\000a\000t\000o\000r\000\040\000a\000n\000d\000\040\000K\000e\000y\000e\000d\000\040\000P\000s\000e\000u\000d\000o\000r\000a\000n\000d\000o\000m\000\040\000F\000u\000n\000c\000t\000i\000o\000n}{}% 29
\BOOKMARK [1][-]{appendix.1.B}{\376\377\000B\000\040\000F\000o\000r\000m\000a\000l\000\040\000S\000e\000c\000u\000r\000i\000t\000y\000\040\000A\000n\000a\000l\000y\000s\000i\000s}{}% 30
\BOOKMARK [2][-]{subsection.1.B.1}{\376\377\000B\000.\0001\000\040\000S\000e\000m\000a\000n\000t\000i\000c\000\040\000S\000e\000c\000u\000r\000i\000t\000y}{appendix.1.B}% 31
\BOOKMARK [2][-]{subsection.1.B.2}{\376\377\000B\000.\0002\000\040\000A\000u\000t\000h\000e\000n\000t\000i\000c\000a\000t\000i\000o\000n}{appendix.1.B}% 32
\BOOKMARK [2][-]{subsection.1.B.3}{\376\377\000B\000.\0003\000\040\000P\000I\000N\000'\000s\000\040\000P\000r\000i\000v\000a\000c\000y\000\040\000A\000g\000a\000i\000n\000s\000t\000\040\000A\000\040\000C\000o\000r\000r\000u\000p\000t\000\040\000S\000e\000r\000v\000e\000r}{appendix.1.B}% 33
\BOOKMARK [1][-]{appendix.1.C}{\376\377\000C\000\040\000M\000o\000r\000e\000\040\000E\000n\000h\000a\000n\000c\000e\000d\000\040\000P\000r\000o\000t\000o\000c\000o\000l}{}% 34
